2026-05-12 18:11:40.717 [] INFO  c.upeu.catalogo.CatalogoApplication - Starting CatalogoApplication v0.0.1-SNAPSHOT using Java 17.0.18 with PID 1 (/app/app.jar started by root in /app)
2026-05-12 18:11:41.201 [] DEBUG c.upeu.catalogo.CatalogoApplication - Running with Spring Boot v3.5.12, Spring v6.2.17
2026-05-12 18:11:41.216 [] INFO  c.upeu.catalogo.CatalogoApplication - The following 1 profile is active: "prod"
2026-05-12 18:11:43.370 [] INFO  o.s.c.c.c.ConfigServerConfigDataLoader - Fetching config from server at : http://config-server:7071
2026-05-12 18:11:43.371 [] INFO  o.s.c.c.c.ConfigServerConfigDataLoader - Exception on Url - http://config-server:7071:org.springframework.web.client.ResourceAccessException: I/O error on GET request for "http://config-server:7071/catalogo/default": config-server. Will be trying the next url if available
2026-05-12 18:11:43.373 [] WARN  o.s.c.c.c.ConfigServerConfigDataLoader - Could not locate PropertySource ([ConfigServerConfigDataResource@182b435b uris = array<String>['http://config-server:7071'], optional = true, profiles = 'default']): I/O error on GET request for "http://config-server:7071/catalogo/default": config-server
2026-05-12 18:11:43.380 [] INFO  o.s.c.c.c.ConfigServerConfigDataLoader - Fetching config from server at : http://config-server:7071
2026-05-12 18:11:43.385 [] INFO  o.s.c.c.c.ConfigServerConfigDataLoader - Exception on Url - http://config-server:7071:org.springframework.web.client.ResourceAccessException: I/O error on GET request for "http://config-server:7071/catalogo/prod": config-server. Will be trying the next url if available
2026-05-12 18:11:43.389 [] WARN  o.s.c.c.c.ConfigServerConfigDataLoader - Could not locate PropertySource ([ConfigServerConfigDataResource@3aaf4f07 uris = array<String>['http://config-server:7071'], optional = true, profiles = 'prod']): I/O error on GET request for "http://config-server:7071/catalogo/prod": config-server
2026-05-12 18:11:43.391 [] INFO  o.s.c.c.c.ConfigServerConfigDataLoader - Fetching config from server at : http://config-server:7071
2026-05-12 18:11:43.392 [] INFO  o.s.c.c.c.ConfigServerConfigDataLoader - Exception on Url - http://config-server:7071:org.springframework.web.client.ResourceAccessException: I/O error on GET request for "http://config-server:7071/catalogo/default": config-server. Will be trying the next url if available
2026-05-12 18:11:43.397 [] WARN  o.s.c.c.c.ConfigServerConfigDataLoader - Could not locate PropertySource ([ConfigServerConfigDataResource@5cbf9e9f uris = array<String>['http://config-server:7071'], optional = true, profiles = 'default']): I/O error on GET request for "http://config-server:7071/catalogo/default": config-server
2026-05-12 18:11:54.387 [] INFO  o.s.d.r.c.RepositoryConfigurationDelegate - Bootstrapping Spring Data JPA repositories in DEFAULT mode.
2026-05-12 18:11:55.316 [] INFO  o.s.d.r.c.RepositoryConfigurationDelegate - Finished Spring Data repository scanning in 796 ms. Found 1 JPA repository interface.
2026-05-12 18:11:56.559 [] INFO  o.s.cloud.context.scope.GenericScope - BeanFactory id=58909f04-65df-30a0-b0dd-92c55a85ead3
2026-05-12 18:11:59.871 [] INFO  o.s.b.w.e.tomcat.TomcatWebServer - Tomcat initialized with port 8080 (http)
2026-05-12 18:11:59.904 [] INFO  o.a.coyote.http11.Http11NioProtocol - Initializing ProtocolHandler ["http-nio-8080"]
2026-05-12 18:11:59.914 [] INFO  o.a.catalina.core.StandardService - Starting service [Tomcat]
2026-05-12 18:11:59.917 [] INFO  o.a.catalina.core.StandardEngine - Starting Servlet engine: [Apache Tomcat/10.1.52]
2026-05-12 18:12:00.025 [] INFO  o.a.c.c.C.[Tomcat].[localhost].[/] - Initializing Spring embedded WebApplicationContext
2026-05-12 18:12:00.027 [] INFO  o.s.b.w.s.c.ServletWebServerApplicationContext - Root WebApplicationContext: initialization completed in 16606 ms
2026-05-12 18:12:00.799 [] DEBUG c.u.c.filter.CorrelationIdFilter - Filter 'correlationIdFilter' configured for use
2026-05-12 18:12:01.025 [] WARN  o.s.b.w.s.c.AnnotationConfigServletWebServerApplicationContext - Exception encountered during context initialization - cancelling refresh attempt: org.springframework.beans.factory.BeanCreationException: Error creating bean with name 'entityManagerFactory' defined in class path resource [org/springframework/boot/autoconfigure/orm/jpa/HibernateJpaConfiguration.class]: Failed to initialize dependency 'flyway' of LoadTimeWeaverAware bean 'entityManagerFactory': Error creating bean with name 'flyway' defined in class path resource [org/springframework/boot/autoconfigure/flyway/FlywayAutoConfiguration$FlywayConfiguration.class]: Failed to instantiate [org.flywaydb.core.Flyway]: Factory method 'flyway' threw exception with message: Error creating bean with name 'dataSource' defined in class path resource [org/springframework/boot/autoconfigure/jdbc/DataSourceConfiguration$Hikari.class]: Failed to instantiate [com.zaxxer.hikari.HikariDataSource]: Factory method 'dataSource' threw exception with message: Failed to determine a suitable driver class
2026-05-12 18:12:01.045 [] INFO  o.a.catalina.core.StandardService - Stopping service [Tomcat]
2026-05-12 18:12:01.181 [] INFO  o.s.b.a.l.ConditionEvaluationReportLogger - 

Error starting ApplicationContext. To display the condition evaluation report re-run your application with 'debug' enabled.
2026-05-12 18:12:01.388 [] ERROR o.s.b.d.LoggingFailureAnalysisReporter - 

***************************
APPLICATION FAILED TO START
***************************

Description:

Failed to configure a DataSource: 'url' attribute is not specified and no embedded datasource could be configured.

Reason: Failed to determine a suitable driver class


Action:

Consider the following:
	If you want an embedded database (H2, HSQL or Derby), please put it on the classpath.
	If you have database settings to be loaded from a particular profile you may need to activate it (the profiles prod are currently active).

2026-05-12 18:50:08.090 [] INFO  c.upeu.catalogo.CatalogoApplication - Starting CatalogoApplication v0.0.1-SNAPSHOT using Java 17.0.18 with PID 1 (/app/app.jar started by root in /app)
2026-05-12 18:50:08.343 [] DEBUG c.upeu.catalogo.CatalogoApplication - Running with Spring Boot v3.5.12, Spring v6.2.17
2026-05-12 18:50:08.346 [] INFO  c.upeu.catalogo.CatalogoApplication - The following 1 profile is active: "prod"
2026-05-12 18:50:08.655 [] INFO  o.s.c.c.c.ConfigServerConfigDataLoader - Fetching config from server at : http://config-server:7071
2026-05-12 18:50:08.677 [] INFO  o.s.c.c.c.ConfigServerConfigDataLoader - Exception on Url - http://config-server:7071:org.springframework.web.client.ResourceAccessException: I/O error on GET request for "http://config-server:7071/catalogo/default": config-server. Will be trying the next url if available
2026-05-12 18:50:08.688 [] WARN  o.s.c.c.c.ConfigServerConfigDataLoader - Could not locate PropertySource ([ConfigServerConfigDataResource@182b435b uris = array<String>['http://config-server:7071'], optional = true, profiles = 'default']): I/O error on GET request for "http://config-server:7071/catalogo/default": config-server
2026-05-12 18:50:08.698 [] INFO  o.s.c.c.c.ConfigServerConfigDataLoader - Fetching config from server at : http://config-server:7071
2026-05-12 18:50:08.714 [] INFO  o.s.c.c.c.ConfigServerConfigDataLoader - Exception on Url - http://config-server:7071:org.springframework.web.client.ResourceAccessException: I/O error on GET request for "http://config-server:7071/catalogo/prod": config-server. Will be trying the next url if available
2026-05-12 18:50:08.715 [] WARN  o.s.c.c.c.ConfigServerConfigDataLoader - Could not locate PropertySource ([ConfigServerConfigDataResource@3fc08eec uris = array<String>['http://config-server:7071'], optional = true, profiles = 'prod']): I/O error on GET request for "http://config-server:7071/catalogo/prod": config-server
2026-05-12 18:50:08.717 [] INFO  o.s.c.c.c.ConfigServerConfigDataLoader - Fetching config from server at : http://config-server:7071
2026-05-12 18:50:08.718 [] INFO  o.s.c.c.c.ConfigServerConfigDataLoader - Exception on Url - http://config-server:7071:org.springframework.web.client.ResourceAccessException: I/O error on GET request for "http://config-server:7071/catalogo/default": config-server. Will be trying the next url if available
2026-05-12 18:50:08.720 [] WARN  o.s.c.c.c.ConfigServerConfigDataLoader - Could not locate PropertySource ([ConfigServerConfigDataResource@5cad8b7d uris = array<String>['http://config-server:7071'], optional = true, profiles = 'default']): I/O error on GET request for "http://config-server:7071/catalogo/default": config-server
2026-05-12 18:50:22.175 [] INFO  o.s.d.r.c.RepositoryConfigurationDelegate - Bootstrapping Spring Data JPA repositories in DEFAULT mode.
2026-05-12 18:50:23.252 [] INFO  o.s.d.r.c.RepositoryConfigurationDelegate - Finished Spring Data repository scanning in 951 ms. Found 1 JPA repository interface.
2026-05-12 18:50:24.692 [] INFO  o.s.cloud.context.scope.GenericScope - BeanFactory id=58909f04-65df-30a0-b0dd-92c55a85ead3
2026-05-12 18:50:27.197 [] INFO  o.s.b.w.e.tomcat.TomcatWebServer - Tomcat initialized with port 8080 (http)
2026-05-12 18:50:27.240 [] INFO  o.a.coyote.http11.Http11NioProtocol - Initializing ProtocolHandler ["http-nio-8080"]
2026-05-12 18:50:27.247 [] INFO  o.a.catalina.core.StandardService - Starting service [Tomcat]
2026-05-12 18:50:27.249 [] INFO  o.a.catalina.core.StandardEngine - Starting Servlet engine: [Apache Tomcat/10.1.52]
2026-05-12 18:50:27.531 [] INFO  o.a.c.c.C.[Tomcat].[localhost].[/] - Initializing Spring embedded WebApplicationContext
2026-05-12 18:50:27.534 [] INFO  o.s.b.w.s.c.ServletWebServerApplicationContext - Root WebApplicationContext: initialization completed in 18746 ms
2026-05-12 18:50:28.527 [] DEBUG c.u.c.filter.CorrelationIdFilter - Filter 'correlationIdFilter' configured for use
2026-05-12 18:50:28.850 [] WARN  o.s.b.w.s.c.AnnotationConfigServletWebServerApplicationContext - Exception encountered during context initialization - cancelling refresh attempt: org.springframework.beans.factory.BeanCreationException: Error creating bean with name 'entityManagerFactory' defined in class path resource [org/springframework/boot/autoconfigure/orm/jpa/HibernateJpaConfiguration.class]: Failed to initialize dependency 'flyway' of LoadTimeWeaverAware bean 'entityManagerFactory': Error creating bean with name 'flyway' defined in class path resource [org/springframework/boot/autoconfigure/flyway/FlywayAutoConfiguration$FlywayConfiguration.class]: Failed to instantiate [org.flywaydb.core.Flyway]: Factory method 'flyway' threw exception with message: Error creating bean with name 'dataSource' defined in class path resource [org/springframework/boot/autoconfigure/jdbc/DataSourceConfiguration$Hikari.class]: Failed to instantiate [com.zaxxer.hikari.HikariDataSource]: Factory method 'dataSource' threw exception with message: Failed to determine a suitable driver class
2026-05-12 18:50:28.882 [] INFO  o.a.catalina.core.StandardService - Stopping service [Tomcat]
2026-05-12 18:50:29.018 [] INFO  o.s.b.a.l.ConditionEvaluationReportLogger - 

Error starting ApplicationContext. To display the condition evaluation report re-run your application with 'debug' enabled.
2026-05-12 18:50:29.196 [] ERROR o.s.b.d.LoggingFailureAnalysisReporter - 

***************************
APPLICATION FAILED TO START
***************************

Description:

Failed to configure a DataSource: 'url' attribute is not specified and no embedded datasource could be configured.

Reason: Failed to determine a suitable driver class


Action:

Consider the following:
	If you want an embedded database (H2, HSQL or Derby), please put it on the classpath.
	If you have database settings to be loaded from a particular profile you may need to activate it (the profiles prod are currently active).

2026-05-12 18:52:25.164 [] INFO  c.upeu.catalogo.CatalogoApplication - Starting CatalogoApplication v0.0.1-SNAPSHOT using Java 17.0.18 with PID 1 (/app/app.jar started by root in /app)
2026-05-12 18:52:25.174 [] DEBUG c.upeu.catalogo.CatalogoApplication - Running with Spring Boot v3.5.12, Spring v6.2.17
2026-05-12 18:52:25.176 [] INFO  c.upeu.catalogo.CatalogoApplication - The following 1 profile is active: "prod"
2026-05-12 18:52:25.329 [] INFO  o.s.c.c.c.ConfigServerConfigDataLoader - Fetching config from server at : http://config-server:7071
2026-05-12 18:52:25.333 [] INFO  o.s.c.c.c.ConfigServerConfigDataLoader - Exception on Url - http://config-server:7071:org.springframework.web.client.ResourceAccessException: I/O error on GET request for "http://config-server:7071/catalogo/default": config-server. Will be trying the next url if available
2026-05-12 18:52:25.335 [] WARN  o.s.c.c.c.ConfigServerConfigDataLoader - Could not locate PropertySource ([ConfigServerConfigDataResource@182b435b uris = array<String>['http://config-server:7071'], optional = true, profiles = 'default']): I/O error on GET request for "http://config-server:7071/catalogo/default": config-server
2026-05-12 18:52:25.337 [] INFO  o.s.c.c.c.ConfigServerConfigDataLoader - Fetching config from server at : http://config-server:7071
2026-05-12 18:52:25.339 [] INFO  o.s.c.c.c.ConfigServerConfigDataLoader - Exception on Url - http://config-server:7071:org.springframework.web.client.ResourceAccessException: I/O error on GET request for "http://config-server:7071/catalogo/prod": config-server. Will be trying the next url if available
2026-05-12 18:52:25.340 [] WARN  o.s.c.c.c.ConfigServerConfigDataLoader - Could not locate PropertySource ([ConfigServerConfigDataResource@3aaf4f07 uris = array<String>['http://config-server:7071'], optional = true, profiles = 'prod']): I/O error on GET request for "http://config-server:7071/catalogo/prod": config-server
2026-05-12 18:52:25.341 [] INFO  o.s.c.c.c.ConfigServerConfigDataLoader - Fetching config from server at : http://config-server:7071
2026-05-12 18:52:25.342 [] INFO  o.s.c.c.c.ConfigServerConfigDataLoader - Exception on Url - http://config-server:7071:org.springframework.web.client.ResourceAccessException: I/O error on GET request for "http://config-server:7071/catalogo/default": config-server. Will be trying the next url if available
2026-05-12 18:52:25.346 [] WARN  o.s.c.c.c.ConfigServerConfigDataLoader - Could not locate PropertySource ([ConfigServerConfigDataResource@5cbf9e9f uris = array<String>['http://config-server:7071'], optional = true, profiles = 'default']): I/O error on GET request for "http://config-server:7071/catalogo/default": config-server
2026-05-12 18:52:31.640 [] INFO  o.s.d.r.c.RepositoryConfigurationDelegate - Bootstrapping Spring Data JPA repositories in DEFAULT mode.
2026-05-12 18:52:32.348 [] INFO  o.s.d.r.c.RepositoryConfigurationDelegate - Finished Spring Data repository scanning in 655 ms. Found 1 JPA repository interface.
2026-05-12 18:52:33.571 [] INFO  o.s.cloud.context.scope.GenericScope - BeanFactory id=58909f04-65df-30a0-b0dd-92c55a85ead3
2026-05-12 18:52:36.397 [] INFO  o.s.b.w.e.tomcat.TomcatWebServer - Tomcat initialized with port 8080 (http)
2026-05-12 18:52:36.455 [] INFO  o.a.coyote.http11.Http11NioProtocol - Initializing ProtocolHandler ["http-nio-8080"]
2026-05-12 18:52:36.464 [] INFO  o.a.catalina.core.StandardService - Starting service [Tomcat]
2026-05-12 18:52:36.467 [] INFO  o.a.catalina.core.StandardEngine - Starting Servlet engine: [Apache Tomcat/10.1.52]
2026-05-12 18:52:36.623 [] INFO  o.a.c.c.C.[Tomcat].[localhost].[/] - Initializing Spring embedded WebApplicationContext
2026-05-12 18:52:36.654 [] INFO  o.s.b.w.s.c.ServletWebServerApplicationContext - Root WebApplicationContext: initialization completed in 11302 ms
2026-05-12 18:52:37.436 [] DEBUG c.u.c.filter.CorrelationIdFilter - Filter 'correlationIdFilter' configured for use
2026-05-12 18:52:37.753 [] WARN  o.s.b.w.s.c.AnnotationConfigServletWebServerApplicationContext - Exception encountered during context initialization - cancelling refresh attempt: org.springframework.beans.factory.BeanCreationException: Error creating bean with name 'entityManagerFactory' defined in class path resource [org/springframework/boot/autoconfigure/orm/jpa/HibernateJpaConfiguration.class]: Failed to initialize dependency 'flyway' of LoadTimeWeaverAware bean 'entityManagerFactory': Error creating bean with name 'flyway' defined in class path resource [org/springframework/boot/autoconfigure/flyway/FlywayAutoConfiguration$FlywayConfiguration.class]: Failed to instantiate [org.flywaydb.core.Flyway]: Factory method 'flyway' threw exception with message: Error creating bean with name 'dataSource' defined in class path resource [org/springframework/boot/autoconfigure/jdbc/DataSourceConfiguration$Hikari.class]: Failed to instantiate [com.zaxxer.hikari.HikariDataSource]: Factory method 'dataSource' threw exception with message: Failed to determine a suitable driver class
2026-05-12 18:52:37.790 [] INFO  o.a.catalina.core.StandardService - Stopping service [Tomcat]
2026-05-12 18:52:37.934 [] INFO  o.s.b.a.l.ConditionEvaluationReportLogger - 

Error starting ApplicationContext. To display the condition evaluation report re-run your application with 'debug' enabled.
2026-05-12 18:52:38.122 [] ERROR o.s.b.d.LoggingFailureAnalysisReporter - 

***************************
APPLICATION FAILED TO START
***************************

Description:

Failed to configure a DataSource: 'url' attribute is not specified and no embedded datasource could be configured.

Reason: Failed to determine a suitable driver class


Action:

Consider the following:
	If you want an embedded database (H2, HSQL or Derby), please put it on the classpath.
	If you have database settings to be loaded from a particular profile you may need to activate it (the profiles prod are currently active).

2026-05-12 19:19:10.976 [] INFO  c.upeu.catalogo.CatalogoApplication - Starting CatalogoApplication v0.0.1-SNAPSHOT using Java 17.0.18 with PID 1 (/app/app.jar started by root in /app)
2026-05-12 19:19:10.987 [] DEBUG c.upeu.catalogo.CatalogoApplication - Running with Spring Boot v3.5.12, Spring v6.2.17
2026-05-12 19:19:10.992 [] INFO  c.upeu.catalogo.CatalogoApplication - The following 1 profile is active: "prod"
2026-05-12 19:19:11.126 [] INFO  o.s.c.c.c.ConfigServerConfigDataLoader - Fetching config from server at : http://config-server:7071
2026-05-12 19:19:11.128 [] INFO  o.s.c.c.c.ConfigServerConfigDataLoader - Exception on Url - http://config-server:7071:org.springframework.web.client.ResourceAccessException: I/O error on GET request for "http://config-server:7071/catalogo/default": config-server. Will be trying the next url if available
2026-05-12 19:19:11.129 [] WARN  o.s.c.c.c.ConfigServerConfigDataLoader - Could not locate PropertySource ([ConfigServerConfigDataResource@182b435b uris = array<String>['http://config-server:7071'], optional = true, profiles = 'default']): I/O error on GET request for "http://config-server:7071/catalogo/default": config-server
2026-05-12 19:19:11.130 [] INFO  o.s.c.c.c.ConfigServerConfigDataLoader - Fetching config from server at : http://config-server:7071
2026-05-12 19:19:11.132 [] INFO  o.s.c.c.c.ConfigServerConfigDataLoader - Exception on Url - http://config-server:7071:org.springframework.web.client.ResourceAccessException: I/O error on GET request for "http://config-server:7071/catalogo/prod": config-server. Will be trying the next url if available
2026-05-12 19:19:11.133 [] WARN  o.s.c.c.c.ConfigServerConfigDataLoader - Could not locate PropertySource ([ConfigServerConfigDataResource@3fc08eec uris = array<String>['http://config-server:7071'], optional = true, profiles = 'prod']): I/O error on GET request for "http://config-server:7071/catalogo/prod": config-server
2026-05-12 19:19:11.134 [] INFO  o.s.c.c.c.ConfigServerConfigDataLoader - Fetching config from server at : http://config-server:7071
2026-05-12 19:19:11.136 [] INFO  o.s.c.c.c.ConfigServerConfigDataLoader - Exception on Url - http://config-server:7071:org.springframework.web.client.ResourceAccessException: I/O error on GET request for "http://config-server:7071/catalogo/default": config-server. Will be trying the next url if available
2026-05-12 19:19:11.137 [] WARN  o.s.c.c.c.ConfigServerConfigDataLoader - Could not locate PropertySource ([ConfigServerConfigDataResource@5cad8b7d uris = array<String>['http://config-server:7071'], optional = true, profiles = 'default']): I/O error on GET request for "http://config-server:7071/catalogo/default": config-server
2026-05-12 19:19:15.001 [] INFO  o.s.d.r.c.RepositoryConfigurationDelegate - Bootstrapping Spring Data JPA repositories in DEFAULT mode.
2026-05-12 19:19:15.445 [] INFO  o.s.d.r.c.RepositoryConfigurationDelegate - Finished Spring Data repository scanning in 399 ms. Found 1 JPA repository interface.
2026-05-12 19:19:18.249 [] INFO  o.s.cloud.context.scope.GenericScope - BeanFactory id=58909f04-65df-30a0-b0dd-92c55a85ead3
2026-05-12 19:19:19.903 [] INFO  o.s.b.w.e.tomcat.TomcatWebServer - Tomcat initialized with port 8080 (http)
2026-05-12 19:19:20.004 [] INFO  o.a.coyote.http11.Http11NioProtocol - Initializing ProtocolHandler ["http-nio-8080"]
2026-05-12 19:19:20.026 [] INFO  o.a.catalina.core.StandardService - Starting service [Tomcat]
2026-05-12 19:19:20.040 [] INFO  o.a.catalina.core.StandardEngine - Starting Servlet engine: [Apache Tomcat/10.1.52]
2026-05-12 19:19:20.250 [] INFO  o.a.c.c.C.[Tomcat].[localhost].[/] - Initializing Spring embedded WebApplicationContext
2026-05-12 19:19:20.278 [] INFO  o.s.b.w.s.c.ServletWebServerApplicationContext - Root WebApplicationContext: initialization completed in 9134 ms
2026-05-12 19:19:21.538 [] DEBUG c.u.c.filter.CorrelationIdFilter - Filter 'correlationIdFilter' configured for use
2026-05-12 19:19:21.894 [] WARN  o.s.b.w.s.c.AnnotationConfigServletWebServerApplicationContext - Exception encountered during context initialization - cancelling refresh attempt: org.springframework.beans.factory.BeanCreationException: Error creating bean with name 'entityManagerFactory' defined in class path resource [org/springframework/boot/autoconfigure/orm/jpa/HibernateJpaConfiguration.class]: Failed to initialize dependency 'flyway' of LoadTimeWeaverAware bean 'entityManagerFactory': Error creating bean with name 'flyway' defined in class path resource [org/springframework/boot/autoconfigure/flyway/FlywayAutoConfiguration$FlywayConfiguration.class]: Failed to instantiate [org.flywaydb.core.Flyway]: Factory method 'flyway' threw exception with message: Error creating bean with name 'dataSource' defined in class path resource [org/springframework/boot/autoconfigure/jdbc/DataSourceConfiguration$Hikari.class]: Failed to instantiate [com.zaxxer.hikari.HikariDataSource]: Factory method 'dataSource' threw exception with message: Failed to determine a suitable driver class
2026-05-12 19:19:21.918 [] INFO  o.a.catalina.core.StandardService - Stopping service [Tomcat]
2026-05-12 19:19:22.050 [] INFO  o.s.b.a.l.ConditionEvaluationReportLogger - 

Error starting ApplicationContext. To display the condition evaluation report re-run your application with 'debug' enabled.
2026-05-12 19:19:22.236 [] ERROR o.s.b.d.LoggingFailureAnalysisReporter - 

***************************
APPLICATION FAILED TO START
***************************

Description:

Failed to configure a DataSource: 'url' attribute is not specified and no embedded datasource could be configured.

Reason: Failed to determine a suitable driver class


Action:

Consider the following:
	If you want an embedded database (H2, HSQL or Derby), please put it on the classpath.
	If you have database settings to be loaded from a particular profile you may need to activate it (the profiles prod are currently active).

2026-05-12 19:23:16.078 [] INFO  c.upeu.catalogo.CatalogoApplication - Starting CatalogoApplication v0.0.1-SNAPSHOT using Java 17.0.18 with PID 1 (/app/app.jar started by root in /app)
2026-05-12 19:23:16.095 [] DEBUG c.upeu.catalogo.CatalogoApplication - Running with Spring Boot v3.5.12, Spring v6.2.17
2026-05-12 19:23:16.103 [] INFO  c.upeu.catalogo.CatalogoApplication - The following 1 profile is active: "prod"
2026-05-12 19:23:16.280 [] INFO  o.s.c.c.c.ConfigServerConfigDataLoader - Fetching config from server at : http://config-server:7071
2026-05-12 19:23:16.283 [] INFO  o.s.c.c.c.ConfigServerConfigDataLoader - Exception on Url - http://config-server:7071:org.springframework.web.client.ResourceAccessException: I/O error on GET request for "http://config-server:7071/catalogo/default": config-server. Will be trying the next url if available
2026-05-12 19:23:16.287 [] WARN  o.s.c.c.c.ConfigServerConfigDataLoader - Could not locate PropertySource ([ConfigServerConfigDataResource@182b435b uris = array<String>['http://config-server:7071'], optional = true, profiles = 'default']): I/O error on GET request for "http://config-server:7071/catalogo/default": config-server
2026-05-12 19:23:16.294 [] INFO  o.s.c.c.c.ConfigServerConfigDataLoader - Fetching config from server at : http://config-server:7071
2026-05-12 19:23:16.297 [] INFO  o.s.c.c.c.ConfigServerConfigDataLoader - Exception on Url - http://config-server:7071:org.springframework.web.client.ResourceAccessException: I/O error on GET request for "http://config-server:7071/catalogo/prod": config-server. Will be trying the next url if available
2026-05-12 19:23:16.298 [] WARN  o.s.c.c.c.ConfigServerConfigDataLoader - Could not locate PropertySource ([ConfigServerConfigDataResource@3aaf4f07 uris = array<String>['http://config-server:7071'], optional = true, profiles = 'prod']): I/O error on GET request for "http://config-server:7071/catalogo/prod": config-server
2026-05-12 19:23:16.300 [] INFO  o.s.c.c.c.ConfigServerConfigDataLoader - Fetching config from server at : http://config-server:7071
2026-05-12 19:23:16.301 [] INFO  o.s.c.c.c.ConfigServerConfigDataLoader - Exception on Url - http://config-server:7071:org.springframework.web.client.ResourceAccessException: I/O error on GET request for "http://config-server:7071/catalogo/default": config-server. Will be trying the next url if available
2026-05-12 19:23:16.303 [] WARN  o.s.c.c.c.ConfigServerConfigDataLoader - Could not locate PropertySource ([ConfigServerConfigDataResource@5cbf9e9f uris = array<String>['http://config-server:7071'], optional = true, profiles = 'default']): I/O error on GET request for "http://config-server:7071/catalogo/default": config-server
2026-05-12 19:23:20.989 [] INFO  o.s.d.r.c.RepositoryConfigurationDelegate - Bootstrapping Spring Data JPA repositories in DEFAULT mode.
2026-05-12 19:23:21.686 [] INFO  o.s.d.r.c.RepositoryConfigurationDelegate - Finished Spring Data repository scanning in 630 ms. Found 1 JPA repository interface.
2026-05-12 19:23:29.335 [] INFO  o.s.cloud.context.scope.GenericScope - BeanFactory id=58909f04-65df-30a0-b0dd-92c55a85ead3
2026-05-12 19:23:31.876 [] INFO  o.s.b.w.e.tomcat.TomcatWebServer - Tomcat initialized with port 8080 (http)
2026-05-12 19:23:31.924 [] INFO  o.a.coyote.http11.Http11NioProtocol - Initializing ProtocolHandler ["http-nio-8080"]
2026-05-12 19:23:31.936 [] INFO  o.a.catalina.core.StandardService - Starting service [Tomcat]
2026-05-12 19:23:31.940 [] INFO  o.a.catalina.core.StandardEngine - Starting Servlet engine: [Apache Tomcat/10.1.52]
2026-05-12 19:23:32.128 [] INFO  o.a.c.c.C.[Tomcat].[localhost].[/] - Initializing Spring embedded WebApplicationContext
2026-05-12 19:23:32.130 [] INFO  o.s.b.w.s.c.ServletWebServerApplicationContext - Root WebApplicationContext: initialization completed in 15821 ms
2026-05-12 19:23:32.788 [] DEBUG c.u.c.filter.CorrelationIdFilter - Filter 'correlationIdFilter' configured for use
2026-05-12 19:23:32.988 [] WARN  o.s.b.w.s.c.AnnotationConfigServletWebServerApplicationContext - Exception encountered during context initialization - cancelling refresh attempt: org.springframework.beans.factory.BeanCreationException: Error creating bean with name 'entityManagerFactory' defined in class path resource [org/springframework/boot/autoconfigure/orm/jpa/HibernateJpaConfiguration.class]: Failed to initialize dependency 'flyway' of LoadTimeWeaverAware bean 'entityManagerFactory': Error creating bean with name 'flyway' defined in class path resource [org/springframework/boot/autoconfigure/flyway/FlywayAutoConfiguration$FlywayConfiguration.class]: Failed to instantiate [org.flywaydb.core.Flyway]: Factory method 'flyway' threw exception with message: Error creating bean with name 'dataSource' defined in class path resource [org/springframework/boot/autoconfigure/jdbc/DataSourceConfiguration$Hikari.class]: Failed to instantiate [com.zaxxer.hikari.HikariDataSource]: Factory method 'dataSource' threw exception with message: Failed to determine a suitable driver class
2026-05-12 19:23:33.000 [] INFO  o.a.catalina.core.StandardService - Stopping service [Tomcat]
2026-05-12 19:23:33.073 [] INFO  o.s.b.a.l.ConditionEvaluationReportLogger - 

Error starting ApplicationContext. To display the condition evaluation report re-run your application with 'debug' enabled.
2026-05-12 19:23:33.206 [] ERROR o.s.b.d.LoggingFailureAnalysisReporter - 

***************************
APPLICATION FAILED TO START
***************************

Description:

Failed to configure a DataSource: 'url' attribute is not specified and no embedded datasource could be configured.

Reason: Failed to determine a suitable driver class


Action:

Consider the following:
	If you want an embedded database (H2, HSQL or Derby), please put it on the classpath.
	If you have database settings to be loaded from a particular profile you may need to activate it (the profiles prod are currently active).

2026-05-12 19:28:10.754 [] INFO  c.upeu.catalogo.CatalogoApplication - Starting CatalogoApplication v0.0.1-SNAPSHOT using Java 17.0.18 with PID 1 (/app/app.jar started by root in /app)
2026-05-12 19:28:10.765 [] DEBUG c.upeu.catalogo.CatalogoApplication - Running with Spring Boot v3.5.12, Spring v6.2.17
2026-05-12 19:28:10.767 [] INFO  c.upeu.catalogo.CatalogoApplication - The following 1 profile is active: "prod"
2026-05-12 19:28:10.860 [] INFO  o.s.c.c.c.ConfigServerConfigDataLoader - Fetching config from server at : http://config-server:7071
2026-05-12 19:28:10.861 [] INFO  o.s.c.c.c.ConfigServerConfigDataLoader - Exception on Url - http://config-server:7071:org.springframework.web.client.ResourceAccessException: I/O error on GET request for "http://config-server:7071/catalogo/default": config-server. Will be trying the next url if available
2026-05-12 19:28:10.861 [] WARN  o.s.c.c.c.ConfigServerConfigDataLoader - Could not locate PropertySource ([ConfigServerConfigDataResource@182b435b uris = array<String>['http://config-server:7071'], optional = true, profiles = 'default']): I/O error on GET request for "http://config-server:7071/catalogo/default": config-server
2026-05-12 19:28:10.862 [] INFO  o.s.c.c.c.ConfigServerConfigDataLoader - Fetching config from server at : http://config-server:7071
2026-05-12 19:28:10.862 [] INFO  o.s.c.c.c.ConfigServerConfigDataLoader - Exception on Url - http://config-server:7071:org.springframework.web.client.ResourceAccessException: I/O error on GET request for "http://config-server:7071/catalogo/prod": config-server. Will be trying the next url if available
2026-05-12 19:28:10.863 [] WARN  o.s.c.c.c.ConfigServerConfigDataLoader - Could not locate PropertySource ([ConfigServerConfigDataResource@3aaf4f07 uris = array<String>['http://config-server:7071'], optional = true, profiles = 'prod']): I/O error on GET request for "http://config-server:7071/catalogo/prod": config-server
2026-05-12 19:28:10.863 [] INFO  o.s.c.c.c.ConfigServerConfigDataLoader - Fetching config from server at : http://config-server:7071
2026-05-12 19:28:10.864 [] INFO  o.s.c.c.c.ConfigServerConfigDataLoader - Exception on Url - http://config-server:7071:org.springframework.web.client.ResourceAccessException: I/O error on GET request for "http://config-server:7071/catalogo/default": config-server. Will be trying the next url if available
2026-05-12 19:28:10.865 [] WARN  o.s.c.c.c.ConfigServerConfigDataLoader - Could not locate PropertySource ([ConfigServerConfigDataResource@5cbf9e9f uris = array<String>['http://config-server:7071'], optional = true, profiles = 'default']): I/O error on GET request for "http://config-server:7071/catalogo/default": config-server
2026-05-12 19:28:20.263 [] INFO  o.s.d.r.c.RepositoryConfigurationDelegate - Bootstrapping Spring Data JPA repositories in DEFAULT mode.
2026-05-12 19:28:20.752 [] INFO  o.s.d.r.c.RepositoryConfigurationDelegate - Finished Spring Data repository scanning in 463 ms. Found 1 JPA repository interface.
2026-05-12 19:28:25.923 [] INFO  o.s.cloud.context.scope.GenericScope - BeanFactory id=58909f04-65df-30a0-b0dd-92c55a85ead3
2026-05-12 19:28:27.801 [] INFO  o.s.b.w.e.tomcat.TomcatWebServer - Tomcat initialized with port 8080 (http)
2026-05-12 19:28:27.844 [] INFO  o.a.coyote.http11.Http11NioProtocol - Initializing ProtocolHandler ["http-nio-8080"]
2026-05-12 19:28:27.873 [] INFO  o.a.catalina.core.StandardService - Starting service [Tomcat]
2026-05-12 19:28:27.874 [] INFO  o.a.catalina.core.StandardEngine - Starting Servlet engine: [Apache Tomcat/10.1.52]
2026-05-12 19:28:28.008 [] INFO  o.a.c.c.C.[Tomcat].[localhost].[/] - Initializing Spring embedded WebApplicationContext
2026-05-12 19:28:28.011 [] INFO  o.s.b.w.s.c.ServletWebServerApplicationContext - Root WebApplicationContext: initialization completed in 17129 ms
2026-05-12 19:28:28.798 [] DEBUG c.u.c.filter.CorrelationIdFilter - Filter 'correlationIdFilter' configured for use
2026-05-12 19:28:29.126 [] WARN  o.s.b.w.s.c.AnnotationConfigServletWebServerApplicationContext - Exception encountered during context initialization - cancelling refresh attempt: org.springframework.beans.factory.BeanCreationException: Error creating bean with name 'entityManagerFactory' defined in class path resource [org/springframework/boot/autoconfigure/orm/jpa/HibernateJpaConfiguration.class]: Failed to initialize dependency 'flyway' of LoadTimeWeaverAware bean 'entityManagerFactory': Error creating bean with name 'flyway' defined in class path resource [org/springframework/boot/autoconfigure/flyway/FlywayAutoConfiguration$FlywayConfiguration.class]: Failed to instantiate [org.flywaydb.core.Flyway]: Factory method 'flyway' threw exception with message: Error creating bean with name 'dataSource' defined in class path resource [org/springframework/boot/autoconfigure/jdbc/DataSourceConfiguration$Hikari.class]: Failed to instantiate [com.zaxxer.hikari.HikariDataSource]: Factory method 'dataSource' threw exception with message: Failed to determine a suitable driver class
2026-05-12 19:28:29.144 [] INFO  o.a.catalina.core.StandardService - Stopping service [Tomcat]
2026-05-12 19:28:29.253 [] INFO  o.s.b.a.l.ConditionEvaluationReportLogger - 

Error starting ApplicationContext. To display the condition evaluation report re-run your application with 'debug' enabled.
2026-05-12 19:28:29.443 [] ERROR o.s.b.d.LoggingFailureAnalysisReporter - 

***************************
APPLICATION FAILED TO START
***************************

Description:

Failed to configure a DataSource: 'url' attribute is not specified and no embedded datasource could be configured.

Reason: Failed to determine a suitable driver class


Action:

Consider the following:
	If you want an embedded database (H2, HSQL or Derby), please put it on the classpath.
	If you have database settings to be loaded from a particular profile you may need to activate it (the profiles prod are currently active).

2026-05-12 19:31:20.356 [] INFO  c.upeu.catalogo.CatalogoApplication - Starting CatalogoApplication v0.0.1-SNAPSHOT using Java 17.0.18 with PID 1 (/app/app.jar started by root in /app)
2026-05-12 19:31:20.367 [] DEBUG c.upeu.catalogo.CatalogoApplication - Running with Spring Boot v3.5.12, Spring v6.2.17
2026-05-12 19:31:20.370 [] INFO  c.upeu.catalogo.CatalogoApplication - The following 1 profile is active: "prod"
2026-05-12 19:31:20.509 [] INFO  o.s.c.c.c.ConfigServerConfigDataLoader - Fetching config from server at : http://config-server:7071
2026-05-12 19:31:20.512 [] INFO  o.s.c.c.c.ConfigServerConfigDataLoader - Exception on Url - http://config-server:7071:org.springframework.web.client.ResourceAccessException: I/O error on GET request for "http://config-server:7071/catalogo/default": config-server. Will be trying the next url if available
2026-05-12 19:31:20.513 [] WARN  o.s.c.c.c.ConfigServerConfigDataLoader - Could not locate PropertySource ([ConfigServerConfigDataResource@182b435b uris = array<String>['http://config-server:7071'], optional = true, profiles = 'default']): I/O error on GET request for "http://config-server:7071/catalogo/default": config-server
2026-05-12 19:31:20.517 [] INFO  o.s.c.c.c.ConfigServerConfigDataLoader - Fetching config from server at : http://config-server:7071
2026-05-12 19:31:20.519 [] INFO  o.s.c.c.c.ConfigServerConfigDataLoader - Exception on Url - http://config-server:7071:org.springframework.web.client.ResourceAccessException: I/O error on GET request for "http://config-server:7071/catalogo/prod": config-server. Will be trying the next url if available
2026-05-12 19:31:20.520 [] WARN  o.s.c.c.c.ConfigServerConfigDataLoader - Could not locate PropertySource ([ConfigServerConfigDataResource@3aaf4f07 uris = array<String>['http://config-server:7071'], optional = true, profiles = 'prod']): I/O error on GET request for "http://config-server:7071/catalogo/prod": config-server
2026-05-12 19:31:20.521 [] INFO  o.s.c.c.c.ConfigServerConfigDataLoader - Fetching config from server at : http://config-server:7071
2026-05-12 19:31:20.522 [] INFO  o.s.c.c.c.ConfigServerConfigDataLoader - Exception on Url - http://config-server:7071:org.springframework.web.client.ResourceAccessException: I/O error on GET request for "http://config-server:7071/catalogo/default": config-server. Will be trying the next url if available
2026-05-12 19:31:20.523 [] WARN  o.s.c.c.c.ConfigServerConfigDataLoader - Could not locate PropertySource ([ConfigServerConfigDataResource@5cbf9e9f uris = array<String>['http://config-server:7071'], optional = true, profiles = 'default']): I/O error on GET request for "http://config-server:7071/catalogo/default": config-server
2026-05-12 19:31:26.782 [] INFO  o.s.d.r.c.RepositoryConfigurationDelegate - Bootstrapping Spring Data JPA repositories in DEFAULT mode.
2026-05-12 19:31:27.186 [] INFO  o.s.d.r.c.RepositoryConfigurationDelegate - Finished Spring Data repository scanning in 360 ms. Found 1 JPA repository interface.
2026-05-12 19:31:28.130 [] INFO  o.s.cloud.context.scope.GenericScope - BeanFactory id=58909f04-65df-30a0-b0dd-92c55a85ead3
2026-05-12 19:31:29.329 [] INFO  o.s.b.w.e.tomcat.TomcatWebServer - Tomcat initialized with port 8080 (http)
2026-05-12 19:31:29.365 [] INFO  o.a.coyote.http11.Http11NioProtocol - Initializing ProtocolHandler ["http-nio-8080"]
2026-05-12 19:31:29.371 [] INFO  o.a.catalina.core.StandardService - Starting service [Tomcat]
2026-05-12 19:31:29.372 [] INFO  o.a.catalina.core.StandardEngine - Starting Servlet engine: [Apache Tomcat/10.1.52]
2026-05-12 19:31:29.492 [] INFO  o.a.c.c.C.[Tomcat].[localhost].[/] - Initializing Spring embedded WebApplicationContext
2026-05-12 19:31:29.494 [] INFO  o.s.b.w.s.c.ServletWebServerApplicationContext - Root WebApplicationContext: initialization completed in 8966 ms
2026-05-12 19:31:30.016 [] DEBUG c.u.c.filter.CorrelationIdFilter - Filter 'correlationIdFilter' configured for use
2026-05-12 19:31:30.187 [] WARN  o.s.b.w.s.c.AnnotationConfigServletWebServerApplicationContext - Exception encountered during context initialization - cancelling refresh attempt: org.springframework.beans.factory.BeanCreationException: Error creating bean with name 'entityManagerFactory' defined in class path resource [org/springframework/boot/autoconfigure/orm/jpa/HibernateJpaConfiguration.class]: Failed to initialize dependency 'flyway' of LoadTimeWeaverAware bean 'entityManagerFactory': Error creating bean with name 'flyway' defined in class path resource [org/springframework/boot/autoconfigure/flyway/FlywayAutoConfiguration$FlywayConfiguration.class]: Failed to instantiate [org.flywaydb.core.Flyway]: Factory method 'flyway' threw exception with message: Error creating bean with name 'dataSource' defined in class path resource [org/springframework/boot/autoconfigure/jdbc/DataSourceConfiguration$Hikari.class]: Failed to instantiate [com.zaxxer.hikari.HikariDataSource]: Factory method 'dataSource' threw exception with message: Failed to determine a suitable driver class
2026-05-12 19:31:30.216 [] INFO  o.a.catalina.core.StandardService - Stopping service [Tomcat]
2026-05-12 19:31:30.311 [] INFO  o.s.b.a.l.ConditionEvaluationReportLogger - 

Error starting ApplicationContext. To display the condition evaluation report re-run your application with 'debug' enabled.
2026-05-12 19:31:30.390 [] ERROR o.s.b.d.LoggingFailureAnalysisReporter - 

***************************
APPLICATION FAILED TO START
***************************

Description:

Failed to configure a DataSource: 'url' attribute is not specified and no embedded datasource could be configured.

Reason: Failed to determine a suitable driver class


Action:

Consider the following:
	If you want an embedded database (H2, HSQL or Derby), please put it on the classpath.
	If you have database settings to be loaded from a particular profile you may need to activate it (the profiles prod are currently active).

2026-05-12 19:31:45.338 [] INFO  c.upeu.catalogo.CatalogoApplication - Starting CatalogoApplication v0.0.1-SNAPSHOT using Java 17.0.18 with PID 1 (/app/app.jar started by root in /app)
2026-05-12 19:31:45.366 [] DEBUG c.upeu.catalogo.CatalogoApplication - Running with Spring Boot v3.5.12, Spring v6.2.17
2026-05-12 19:31:45.388 [] INFO  c.upeu.catalogo.CatalogoApplication - The following 1 profile is active: "prod"
2026-05-12 19:31:45.551 [] INFO  o.s.c.c.c.ConfigServerConfigDataLoader - Fetching config from server at : http://config-server:7071
2026-05-12 19:31:45.554 [] INFO  o.s.c.c.c.ConfigServerConfigDataLoader - Exception on Url - http://config-server:7071:org.springframework.web.client.ResourceAccessException: I/O error on GET request for "http://config-server:7071/catalogo/default": config-server. Will be trying the next url if available
2026-05-12 19:31:45.566 [] WARN  o.s.c.c.c.ConfigServerConfigDataLoader - Could not locate PropertySource ([ConfigServerConfigDataResource@182b435b uris = array<String>['http://config-server:7071'], optional = true, profiles = 'default']): I/O error on GET request for "http://config-server:7071/catalogo/default": config-server
2026-05-12 19:31:45.571 [] INFO  o.s.c.c.c.ConfigServerConfigDataLoader - Fetching config from server at : http://config-server:7071
2026-05-12 19:31:45.574 [] INFO  o.s.c.c.c.ConfigServerConfigDataLoader - Exception on Url - http://config-server:7071:org.springframework.web.client.ResourceAccessException: I/O error on GET request for "http://config-server:7071/catalogo/prod": config-server. Will be trying the next url if available
2026-05-12 19:31:45.577 [] WARN  o.s.c.c.c.ConfigServerConfigDataLoader - Could not locate PropertySource ([ConfigServerConfigDataResource@3aaf4f07 uris = array<String>['http://config-server:7071'], optional = true, profiles = 'prod']): I/O error on GET request for "http://config-server:7071/catalogo/prod": config-server
2026-05-12 19:31:45.579 [] INFO  o.s.c.c.c.ConfigServerConfigDataLoader - Fetching config from server at : http://config-server:7071
2026-05-12 19:31:45.581 [] INFO  o.s.c.c.c.ConfigServerConfigDataLoader - Exception on Url - http://config-server:7071:org.springframework.web.client.ResourceAccessException: I/O error on GET request for "http://config-server:7071/catalogo/default": config-server. Will be trying the next url if available
2026-05-12 19:31:45.586 [] WARN  o.s.c.c.c.ConfigServerConfigDataLoader - Could not locate PropertySource ([ConfigServerConfigDataResource@5cbf9e9f uris = array<String>['http://config-server:7071'], optional = true, profiles = 'default']): I/O error on GET request for "http://config-server:7071/catalogo/default": config-server
2026-05-12 19:31:50.793 [] INFO  o.s.d.r.c.RepositoryConfigurationDelegate - Bootstrapping Spring Data JPA repositories in DEFAULT mode.
2026-05-12 19:31:51.336 [] INFO  o.s.d.r.c.RepositoryConfigurationDelegate - Finished Spring Data repository scanning in 505 ms. Found 1 JPA repository interface.
2026-05-12 19:31:52.632 [] INFO  o.s.cloud.context.scope.GenericScope - BeanFactory id=58909f04-65df-30a0-b0dd-92c55a85ead3
2026-05-12 19:31:54.284 [] INFO  o.s.b.w.e.tomcat.TomcatWebServer - Tomcat initialized with port 8080 (http)
2026-05-12 19:31:54.331 [] INFO  o.a.coyote.http11.Http11NioProtocol - Initializing ProtocolHandler ["http-nio-8080"]
2026-05-12 19:31:54.339 [] INFO  o.a.catalina.core.StandardService - Starting service [Tomcat]
2026-05-12 19:31:54.343 [] INFO  o.a.catalina.core.StandardEngine - Starting Servlet engine: [Apache Tomcat/10.1.52]
2026-05-12 19:31:54.503 [] INFO  o.a.c.c.C.[Tomcat].[localhost].[/] - Initializing Spring embedded WebApplicationContext
2026-05-12 19:31:54.507 [] INFO  o.s.b.w.s.c.ServletWebServerApplicationContext - Root WebApplicationContext: initialization completed in 8913 ms
2026-05-12 19:31:55.354 [] DEBUG c.u.c.filter.CorrelationIdFilter - Filter 'correlationIdFilter' configured for use
2026-05-12 19:31:55.731 [] WARN  o.s.b.w.s.c.AnnotationConfigServletWebServerApplicationContext - Exception encountered during context initialization - cancelling refresh attempt: org.springframework.beans.factory.BeanCreationException: Error creating bean with name 'entityManagerFactory' defined in class path resource [org/springframework/boot/autoconfigure/orm/jpa/HibernateJpaConfiguration.class]: Failed to initialize dependency 'flyway' of LoadTimeWeaverAware bean 'entityManagerFactory': Error creating bean with name 'flyway' defined in class path resource [org/springframework/boot/autoconfigure/flyway/FlywayAutoConfiguration$FlywayConfiguration.class]: Failed to instantiate [org.flywaydb.core.Flyway]: Factory method 'flyway' threw exception with message: Error creating bean with name 'dataSource' defined in class path resource [org/springframework/boot/autoconfigure/jdbc/DataSourceConfiguration$Hikari.class]: Failed to instantiate [com.zaxxer.hikari.HikariDataSource]: Factory method 'dataSource' threw exception with message: Failed to determine a suitable driver class
2026-05-12 19:31:55.750 [] INFO  o.a.catalina.core.StandardService - Stopping service [Tomcat]
2026-05-12 19:31:55.909 [] INFO  o.s.b.a.l.ConditionEvaluationReportLogger - 

Error starting ApplicationContext. To display the condition evaluation report re-run your application with 'debug' enabled.
2026-05-12 19:31:56.092 [] ERROR o.s.b.d.LoggingFailureAnalysisReporter - 

***************************
APPLICATION FAILED TO START
***************************

Description:

Failed to configure a DataSource: 'url' attribute is not specified and no embedded datasource could be configured.

Reason: Failed to determine a suitable driver class


Action:

Consider the following:
	If you want an embedded database (H2, HSQL or Derby), please put it on the classpath.
	If you have database settings to be loaded from a particular profile you may need to activate it (the profiles prod are currently active).

